<?xml version="1.0" encoding="UTF-8"?>
<!-- Generated by org.testng.reporters.JUnitReportReporter -->
<testsuite hostname="HIBAWL64263" name="auto1.test8" tests="1" failures="0" timestamp="30 Jul 2019 18:58:03 GMT" time="2.242" errors="0">
  <testcase name="associateRESTServerWithDefaultUser" time="2.242" classname="auto1.test8"/>
</testsuite> <!-- auto1.test8 -->
