<?xml version="1.0" encoding="UTF-8"?>
<!-- Generated by org.testng.reporters.JUnitReportReporter -->
<testsuite hostname="HIBAWL64263" name="auto1.RunScript" tests="1" failures="0" timestamp="25 Apr 2019 13:07:46 GMT" time="2.342" errors="0">
  <testcase name="test1" time="2.342" classname="auto1.RunScript"/>
</testsuite> <!-- auto1.RunScript -->
