<?xml version="1.0" encoding="UTF-8"?>
<!-- Generated by org.testng.reporters.JUnitReportReporter -->
<testsuite hostname="HIBAWL64263" name="auto1.test7" tests="1" failures="0" timestamp="26 Jul 2019 13:15:48 GMT" time="2.167" errors="0">
  <testcase name="sendPutRequest" time="2.167" classname="auto1.test7"/>
</testsuite> <!-- auto1.test7 -->
